<?xml version="1.0" encoding="UTF-8"?>
<!-- Generated by org.testng.reporters.JUnitReportReporter -->
<testsuite hostname="CinQAVDI037" name="com.travels.newtours.test.NewTour" tests="1" failures="0" timestamp="26 Aug 2019 17:04:52 GMT" time="27.576" errors="0">
  <testcase name="tc1_verifyHomePageTitle" time="27.576" classname="com.travels.newtours.test.NewTour"/>
</testsuite> <!-- com.travels.newtours.test.NewTour -->
